#
# There is insufficient memory for the Java Runtime Environment to continue.
# Native memory allocation (malloc) failed to allocate 1048576 bytes for AllocateHeap
# Possible reasons:
#   The system is out of physical RAM or swap space
#   The process is running with CompressedOops enabled, and the Java Heap may be blocking the growth of the native heap
# Possible solutions:
#   Reduce memory load on the system
#   Increase physical memory or swap space
#   Check if swap backing store is full
#   Decrease Java heap size (-Xmx/-Xms)
#   Decrease number of Java threads
#   Decrease Java thread stack sizes (-Xss)
#   Set larger code cache with -XX:ReservedCodeCacheSize=
#   JVM is running with Unscaled Compressed Oops mode in which the Java heap is
#     placed in the first 4GB address space. The Java Heap base address is the
#     maximum limit for the native heap growth. Please use -XX:HeapBaseMinAddress
#     to set the Java Heap base and to place the Java Heap above 4GB virtual address.
# This output file may be truncated or incomplete.
#
#  Out of Memory Error (memory/allocation.inline.hpp:61), pid=9144, tid=0x0000000000001f6c
#
# JRE version:  (8.0_202-b08) (build )
# Java VM: Java HotSpot(TM) 64-Bit Server VM (25.202-b08 mixed mode windows-amd64 compressed oops)
# Failed to write core dump. Minidumps are not enabled by default on client versions of Windows
#

---------------  T H R E A D  ---------------

Current thread (0x00000000024ee800):  JavaThread "Unknown thread" [_thread_in_vm, id=8044, stack(0x00000000023a0000,0x00000000024a0000)]

Stack: [0x00000000023a0000,0x00000000024a0000]
[error occurred during error reporting (printing stack bounds), id 0xc0000005]

Native frames: (J=compiled Java code, j=interpreted, Vv=VM code, C=native code)


---------------  P R O C E S S  ---------------

Java Threads: ( => current thread )

Other Threads:

=>0x00000000024ee800 (exited) JavaThread "Unknown thread" [_thread_in_vm, id=8044, stack(0x00000000023a0000,0x00000000024a0000)]

VM state:not at safepoint (normal execution)

VM Mutex/Monitor currently owned by a thread: None

heap address: 0x0000000082400000, size: 2012 MB, Compressed Oops mode: 32-bit
Narrow klass base: 0x0000000000000000, Narrow klass shift: 3
Compressed class space size: 1073741824 Address: 0x0000000100000000

Heap:
 PSYoungGen      total 37888K, used 655K [0x00000000d6180000, 0x00000000d8b80000, 0x0000000100000000)
  eden space 32768K, 2% used [0x00000000d6180000,0x00000000d6223d80,0x00000000d8180000)
  from space 5120K, 0% used [0x00000000d8680000,0x00000000d8680000,0x00000000d8b80000)
  to   space 5120K, 0% used [0x00000000d8180000,0x00000000d8180000,0x00000000d8680000)
 ParOldGen       total 86016K, used 0K [0x0000000082400000, 0x0000000087800000, 0x00000000d6180000)
  object space 86016K, 0% used [0x0000000082400000,0x0000000082400000,0x0000000087800000)
 Metaspace       used 775K, capacity 4480K, committed 4480K, reserved 1056768K
  class space    used 76K, capacity 384K, committed 384K, reserved 1048576K

Card table byte_map: [0x00000000119b0000,0x0000000011da0000] byte_map_base: 0x000000001159e000

Marking Bits: (ParMarkBitMap*) 0x000000005e585ce0
 Begin Bits: [0x0000000012440000, 0x00000000143b0000)
 End Bits:   [0x00000000143b0000, 0x0000000016320000)

Polling page: 0x00000000022f0000

CodeCache: size=245760Kb used=328Kb max_used=328Kb free=245431Kb
 bounds [0x00000000025f0000, 0x0000000002860000, 0x00000000115f0000]
 total_blobs=58 nmethods=0 adapters=38
 compilation: enabled

Compilation events (0 events):
No events

GC Heap History (0 events):
No events

Deoptimization events (0 events):
No events

Classes redefined (0 events):
No events

Internal exceptions (0 events):
No events

Events (10 events):
Event: 0.058 loading class java/lang/Short
Event: 0.058 loading class java/lang/Short done
Event: 0.058 loading class java/lang/Integer
Event: 0.058 loading class java/lang/Integer done
Event: 0.058 loading class java/lang/Long
Event: 0.059 loading class java/lang/Long done
Event: 0.063 loading class java/lang/NullPointerException
Event: 0.063 loading class java/lang/NullPointerException done
Event: 0.063 loading class java/lang/ArithmeticException
Event: 0.063 loading class java/lang/ArithmeticException done


Dynamic libraries:
0x00007ff7e59a0000 - 0x00007ff7e59d7000 	C:\Program Files\Java\jdk1.8.0_202\bin\java.exe
0x00007ffcac190000 - 0x00007ffcac385000 	C:\WINDOWS\SYSTEM32\ntdll.dll
0x00007ffcaa2b0000 - 0x00007ffcaa36e000 	C:\WINDOWS\System32\KERNEL32.DLL
0x00007ffca98e0000 - 0x00007ffca9ba9000 	C:\WINDOWS\System32\KERNELBASE.dll
0x00007ffcabe50000 - 0x00007ffcabefc000 	C:\WINDOWS\System32\ADVAPI32.dll
0x00007ffcab950000 - 0x00007ffcab9ee000 	C:\WINDOWS\System32\msvcrt.dll
0x00007ffcabdb0000 - 0x00007ffcabe4b000 	C:\WINDOWS\System32\sechost.dll
0x00007ffcab9f0000 - 0x00007ffcabb1a000 	C:\WINDOWS\System32\RPCRT4.dll
0x00007ffcab430000 - 0x00007ffcab5d1000 	C:\WINDOWS\System32\USER32.dll
0x00007ffca9d60000 - 0x00007ffca9d82000 	C:\WINDOWS\System32\win32u.dll
0x00007ffcaa1e0000 - 0x00007ffcaa20b000 	C:\WINDOWS\System32\GDI32.dll
0x00007ffca9f70000 - 0x00007ffcaa07b000 	C:\WINDOWS\System32\gdi32full.dll
0x00007ffca9ed0000 - 0x00007ffca9f6d000 	C:\WINDOWS\System32\msvcp_win.dll
0x00007ffcaa0e0000 - 0x00007ffcaa1e0000 	C:\WINDOWS\System32\ucrtbase.dll
0x00007ffc95d20000 - 0x00007ffc95fba000 	C:\WINDOWS\WinSxS\amd64_microsoft.windows.common-controls_6595b64144ccf1df_6.0.19041.1110_none_60b5254171f9507e\COMCTL32.dll
0x00007ffcaa220000 - 0x00007ffcaa250000 	C:\WINDOWS\System32\IMM32.DLL
0x00007ffca9280000 - 0x00007ffca92b6000 	C:\WINDOWS\system32\DriverStore\FileRepository\nvaci.inf_amd64_f658c3ebd2a88192\nvinitx.dll
0x00007ffca9240000 - 0x00007ffca924a000 	C:\WINDOWS\SYSTEM32\VERSION.dll
0x00007ffcaacf0000 - 0x00007ffcab42f000 	C:\WINDOWS\System32\Shell32.dll
0x00007ffca7960000 - 0x00007ffca80f0000 	C:\WINDOWS\SYSTEM32\windows.storage.dll
0x00007ffcaa990000 - 0x00007ffcaace5000 	C:\WINDOWS\System32\combase.dll
0x00007ffca9250000 - 0x00007ffca927c000 	C:\WINDOWS\SYSTEM32\Wldp.dll
0x00007ffcabbe0000 - 0x00007ffcabc8e000 	C:\WINDOWS\System32\SHCORE.dll
0x00007ffcab840000 - 0x00007ffcab895000 	C:\WINDOWS\System32\shlwapi.dll
0x000000005ff50000 - 0x000000005ff56000 	C:\Program Files\NVIDIA Corporation\CoProcManager\_etoured.dll
0x00007ffc94370000 - 0x00007ffc943b3000 	C:\Program Files\NVIDIA Corporation\CoProcManager\nvd3d9wrapx.dll
0x00007ffcaa3e0000 - 0x00007ffcaa852000 	C:\WINDOWS\System32\SETUPAPI.dll
0x00007ffca9d10000 - 0x00007ffca9d5e000 	C:\WINDOWS\System32\cfgmgr32.dll
0x00007ffca98b0000 - 0x00007ffca98d7000 	C:\WINDOWS\System32\bcrypt.dll
0x00007ffc93ee0000 - 0x00007ffc93f0d000 	C:\Program Files\NVIDIA Corporation\CoProcManager\nvdxgiwrapx.dll
0x000000005ed00000 - 0x000000005edd2000 	C:\Program Files\Java\jdk1.8.0_202\jre\bin\msvcr100.dll
0x000000005dd60000 - 0x000000005e605000 	C:\Program Files\Java\jdk1.8.0_202\jre\bin\server\jvm.dll
0x00007ffcab810000 - 0x00007ffcab818000 	C:\WINDOWS\System32\PSAPI.DLL
0x00007ffc9cf60000 - 0x00007ffc9cf69000 	C:\WINDOWS\SYSTEM32\WSOCK32.dll
0x00007ffcaa370000 - 0x00007ffcaa3db000 	C:\WINDOWS\System32\WS2_32.dll
0x00007ffc952e0000 - 0x00007ffc95307000 	C:\WINDOWS\SYSTEM32\WINMM.dll
0x00007ffc8cc90000 - 0x00007ffc8cc9f000 	C:\Program Files\Java\jdk1.8.0_202\jre\bin\verify.dll
0x00007ffc84db0000 - 0x00007ffc84dd9000 	C:\Program Files\Java\jdk1.8.0_202\jre\bin\java.dll
0x00007ffc84830000 - 0x00007ffc84846000 	C:\Program Files\Java\jdk1.8.0_202\jre\bin\zip.dll

VM Arguments:
jvm_args: -Dant.home=E:\Programs\NetBeans-12.0\netbeans\extide\ant\bin\.. 
java_command: org.apache.tools.ant.launch.Launcher -f E:\Coding\Java\KMMI\teori\final-project\projekAkhir\build.xml -Dant.rerun 1 jfxsa-run-no-another-jvm
java_class_path (initial): E:\Programs\NetBeans-12.0\netbeans\extide\ant\bin\..\lib\ant-launcher.jar
Launcher Type: SUN_STANDARD

Environment Variables:
PATH=C:\Program Files (x86)\Common Files\Oracle\Java\javapath;C:\Program Files\Common Files\Oracle\Java\javapath;C:\ProgramData\Oracle\Java\javapath;C:\WINDOWS\system32;C:\WINDOWS;C:\WINDOWS\System32\Wbem;C:\WINDOWS\System32\WindowsPowerShell\v1.0\;C:\WINDOWS\System32\OpenSSH\;C:\Users\USER\AppData\Roaming\Python\Python39\Scripts;C:\Program Files\mingw-w64\x86_64-8.1.0-posix-seh-rt_v6-rev0\mingw64\bin;C:\Program Files (x86)\NVIDIA Corporation\PhysX\Common;C:\ProgramData\chocolatey\bin;C:\Program Files\NVIDIA Corporation\NVIDIA NvDLISR;C:\Program Files\PowerShell\7\;C:\Program Files\Java\jdk1.8.0_202\bin;C:\Users\USER\AppData\Local\Programs\Python\Python39\Scripts\;C:\Users\USER\AppData\Local\Programs\Python\Python39\;C:\Users\USER\AppData\Local\Microsoft\WindowsApps;E:\Programs\Microsoft VS Code\bin;C:\Program Files\mingw-w64\x86_64-8.1.0-posix-seh-rt_v6-rev0\mingw64\bin;C:\Program Files\mingw-w64;C:\Users\USER\AppData\Roaming\Python\Python39\Scripts;C:\Users\USER\AppData\Local\GitHubDesktop\bin
USERNAME=USER
OS=Windows_NT
PROCESSOR_IDENTIFIER=Intel64 Family 6 Model 42 Stepping 7, GenuineIntel



---------------  S Y S T E M  ---------------

OS: Windows 10.0 , 64 bit Build 19041 (10.0.19041.1202)

CPU:total 4 (initial active 4) (2 cores per cpu, 2 threads per core) family 6 model 42 stepping 7, cmov, cx8, fxsr, mmx, sse, sse2, sse3, ssse3, sse4.1, sse4.2, popcnt, avx, aes, clmul, ht, tsc, tscinvbit

Memory: 4k page, physical 8236908k(782180k free), swap 23522792k(25352k free)

vm_info: Java HotSpot(TM) 64-Bit Server VM (25.202-b08) for windows-amd64 JRE (1.8.0_202-b08), built on Dec 15 2018 19:54:30 by "java_re" with MS VC++ 10.0 (VS2010)

time: Fri Oct 01 15:36:55 2021
timezone: SE Asia Standard Time
elapsed time: 0 seconds (0d 0h 0m 0s)

